<?xml version="1.0" encoding="UTF-8"?>
<testsuite name="is.ru.TicTacToe.TicTacToeTest" tests="1" skipped="0" failures="0" errors="0" timestamp="2015-10-31T20:48:38" hostname="sveinn" time="0.001">
  <properties/>
  <testcase name="testGrid" classname="is.ru.TicTacToe.TicTacToeTest" time="0.001"/>
  <system-out><![CDATA[]]></system-out>
  <system-err><![CDATA[]]></system-err>
</testsuite>
